<?xml version="1.0"?>
<document>
  <resource name="ko">
    <src>does-not-exist.txt</src>
  </resource>
</document>
