<?xml version="1.0"?>
<component name="org.nuxeo.ecm.core.storage.mongodb.MongoDBRepositoryService.test1">

  <extension target="org.nuxeo.ecm.core.storage.mongodb.MongoDBRepositoryService" point="repository">
    <repository name="testmongo" label="1">
      <sequenceBlockSize>1</sequenceBlockSize>
      <!-- avoid lookup to schemaManager -->
      <fulltext disabled="true" />
    </repository>
  </extension>

</component>
