<?xml version="1.0"?>
<component name="org.nuxeo.ecm.core.test.facet-derived">

  <extension target="org.nuxeo.ecm.core.schema.TypeService" point="doctype">

    <doctype name="Child" extends="Parent">
      <facet name="child" />
    </doctype>

  </extension>

</component>
