<?xml version="1.0"?>
<component name="org.nuxeo.ecm.core.test.facet">

  <extension target="org.nuxeo.ecm.core.schema.TypeService" point="doctype">

    <facet name="parent1" />
    <facet name="parent2" />
    <facet name="child" />

    <doctype name="Parent" extends="Document">
      <facet name="parent1" />
      <facet name="parent2" />
    </doctype>

  </extension>

</component>
