<?xml version="1.0"?>
<component name="org.nuxeo.ecm.core.storage.sql.tests.repo.core-types.remove">

  <extension target="org.nuxeo.ecm.core.schema.TypeService" point="doctype">
    <doctype name="MyDocType" remove="true" />
  </extension>

</component>
